2023-04-21T14:54:03.633+05:30  INFO 5448 --- [main] c.h.A.AllinOneProgramApplicationTests    : Starting AllinOneProgramApplicationTests using Java 20 with PID 5448 (started by admin in C:\Users\admin\IdeaProjects\Assignment_Spring_boot\AllInOneSpringBoot-main\AllInOneSpringBoot-main\AllinOneProgram\AllinOneProgram)
2023-04-21T14:54:03.637+05:30  INFO 5448 --- [main] c.h.A.AllinOneProgramApplicationTests    : No active profile set, falling back to 1 default profile: "default"
2023-04-21T14:54:05.385+05:30  INFO 5448 --- [main] .s.d.r.c.RepositoryConfigurationDelegate : Bootstrapping Spring Data JPA repositories in DEFAULT mode.
2023-04-21T14:54:05.507+05:30  INFO 5448 --- [main] .s.d.r.c.RepositoryConfigurationDelegate : Finished Spring Data repository scanning in 107 ms. Found 2 JPA repository interfaces.
2023-04-21T14:54:06.813+05:30  INFO 5448 --- [main] o.hibernate.jpa.internal.util.LogHelper  : HHH000204: Processing PersistenceUnitInfo [name: default]
2023-04-21T14:54:06.919+05:30  INFO 5448 --- [main] org.hibernate.Version                    : HHH000412: Hibernate ORM core version 6.1.7.Final
2023-04-21T14:54:07.637+05:30  INFO 5448 --- [main] com.zaxxer.hikari.HikariDataSource       : HikariPool-1 - Starting...
2023-04-21T14:54:08.100+05:30  INFO 5448 --- [main] com.zaxxer.hikari.pool.HikariPool        : HikariPool-1 - Added connection org.postgresql.jdbc.PgConnection@2bb717d7
2023-04-21T14:54:08.104+05:30  INFO 5448 --- [main] com.zaxxer.hikari.HikariDataSource       : HikariPool-1 - Start completed.
2023-04-21T14:54:08.189+05:30  INFO 5448 --- [main] SQL dialect                              : HHH000400: Using dialect: org.hibernate.dialect.PostgreSQLDialect
2023-04-21T14:54:10.138+05:30  INFO 5448 --- [main] o.h.e.t.j.p.i.JtaPlatformInitiator       : HHH000490: Using JtaPlatform implementation: [org.hibernate.engine.transaction.jta.platform.internal.NoJtaPlatform]
2023-04-21T14:54:10.150+05:30  INFO 5448 --- [main] j.LocalContainerEntityManagerFactoryBean : Initialized JPA EntityManagerFactory for persistence unit 'default'
2023-04-21T14:54:11.488+05:30  WARN 5448 --- [main] JpaBaseConfiguration$JpaWebConfiguration : spring.jpa.open-in-view is enabled by default. Therefore, database queries may be performed during view rendering. Explicitly configure spring.jpa.open-in-view to disable this warning
2023-04-21T14:54:12.231+05:30  INFO 5448 --- [main] o.s.s.web.DefaultSecurityFilterChain     : Will secure any request with [org.springframework.security.web.session.DisableEncodeUrlFilter@3f1e18b1, org.springframework.security.web.context.request.async.WebAsyncManagerIntegrationFilter@727de450, org.springframework.security.web.context.SecurityContextHolderFilter@67afc9b6, org.springframework.security.web.header.HeaderWriterFilter@1728d307, org.springframework.security.web.authentication.logout.LogoutFilter@2305aad0, org.springframework.security.web.authentication.www.BasicAuthenticationFilter@571903ff, org.springframework.security.web.savedrequest.RequestCacheAwareFilter@7a79d99c, org.springframework.security.web.servletapi.SecurityContextHolderAwareRequestFilter@702432cc, org.springframework.security.web.authentication.AnonymousAuthenticationFilter@6de4071b, org.springframework.security.web.access.ExceptionTranslationFilter@5af1b221, org.springframework.security.web.access.intercept.AuthorizationFilter@11fa11b2]
2023-04-21T14:54:13.013+05:30  INFO 5448 --- [main] o.s.a.r.c.CachingConnectionFactory       : Attempting to connect to: [localhost:5672]
2023-04-21T14:54:13.151+05:30  INFO 5448 --- [main] o.s.a.r.c.CachingConnectionFactory       : Created new connection: rabbitConnectionFactory#31450fc0:0/SimpleConnection@51c15508 [delegate=amqp://guest@127.0.0.1:5672/, localPort=56763]
2023-04-21T14:54:13.350+05:30  INFO 5448 --- [main] c.h.A.AllinOneProgramApplicationTests    : Started AllinOneProgramApplicationTests in 10.34 seconds (process running for 12.873)
2023-04-21T14:54:13.758+05:30  INFO 5448 --- [org.springframework.amqp.rabbit.RabbitListenerEndpointContainer#0-2] o.s.a.r.l.SimpleMessageListenerContainer : Waiting for workers to finish.
2023-04-21T14:54:14.353+05:30  INFO 5448 --- [org.springframework.amqp.rabbit.RabbitListenerEndpointContainer#0-2] o.s.a.r.l.SimpleMessageListenerContainer : Successfully waited for workers to finish.
2023-04-21T14:54:14.358+05:30  INFO 5448 --- [SpringApplicationShutdownHook] o.s.a.r.l.SimpleMessageListenerContainer : Shutdown ignored - container is already stopped
2023-04-21T14:54:14.398+05:30  INFO 5448 --- [SpringApplicationShutdownHook] j.LocalContainerEntityManagerFactoryBean : Closing JPA EntityManagerFactory for persistence unit 'default'
2023-04-21T14:54:14.403+05:30  INFO 5448 --- [SpringApplicationShutdownHook] com.zaxxer.hikari.HikariDataSource       : HikariPool-1 - Shutdown initiated...
2023-04-21T14:54:14.448+05:30  INFO 5448 --- [SpringApplicationShutdownHook] com.zaxxer.hikari.HikariDataSource       : HikariPool-1 - Shutdown completed.
